Detecting C OpenMP version failed with the following output:
Change Dir: /Users/gianlaager/Documents/code/C++/ClionProjects/acDataFlow/examples/helloWorld/cmake-build-release/CMakeFiles/CMakeTmp

Run Build Command(s):/usr/bin/make cmTC_6fabb/fast && /Applications/Xcode.app/Contents/Developer/usr/bin/make -f CMakeFiles/cmTC_6fabb.dir/build.make CMakeFiles/cmTC_6fabb.dir/build
Building C object CMakeFiles/cmTC_6fabb.dir/OpenMPCheckVersion.c.o
/Applications/Xcode.app/Contents/Developer/Toolchains/XcodeDefault.xctoolchain/usr/bin/cc   -fopenmp=libomp;-fopenmp=libiomp5;-fopenmp;-Wno-unused-command-line-argument -isysroot /Applications/Xcode.app/Contents/Developer/Platforms/MacOSX.platform/Developer/SDKs/MacOSX10.15.sdk   -o CMakeFiles/cmTC_6fabb.dir/OpenMPCheckVersion.c.o   -c /Users/gianlaager/Documents/code/C++/ClionProjects/acDataFlow/examples/helloWorld/cmake-build-release/CMakeFiles/FindOpenMP/OpenMPCheckVersion.c
clang: error: no input files
/bin/sh: -fopenmp=libiomp5: command not found
/bin/sh: -fopenmp: command not found
/bin/sh: -Wno-unused-command-line-argument: command not found
make[1]: *** [CMakeFiles/cmTC_6fabb.dir/OpenMPCheckVersion.c.o] Error 127
make: *** [cmTC_6fabb/fast] Error 2



Detecting CXX OpenMP version failed with the following output:
Change Dir: /Users/gianlaager/Documents/code/C++/ClionProjects/acDataFlow/examples/helloWorld/cmake-build-release/CMakeFiles/CMakeTmp

Run Build Command(s):/usr/bin/make cmTC_4cac5/fast && /Applications/Xcode.app/Contents/Developer/usr/bin/make -f CMakeFiles/cmTC_4cac5.dir/build.make CMakeFiles/cmTC_4cac5.dir/build
Building CXX object CMakeFiles/cmTC_4cac5.dir/OpenMPCheckVersion.cpp.o
/Applications/Xcode.app/Contents/Developer/Toolchains/XcodeDefault.xctoolchain/usr/bin/c++    -fopenmp=libomp;-fopenmp=libiomp5;-fopenmp;-Wno-unused-command-line-argument -isysroot /Applications/Xcode.app/Contents/Developer/Platforms/MacOSX.platform/Developer/SDKs/MacOSX10.15.sdk   -std=gnu++1z -o CMakeFiles/cmTC_4cac5.dir/OpenMPCheckVersion.cpp.o -c /Users/gianlaager/Documents/code/C++/ClionProjects/acDataFlow/examples/helloWorld/cmake-build-release/CMakeFiles/FindOpenMP/OpenMPCheckVersion.cpp
clang: error: no input files
/bin/sh: -fopenmp=libiomp5: command not found
/bin/sh: -fopenmp: command not found
/bin/sh: -Wno-unused-command-line-argument: command not found
make[1]: *** [CMakeFiles/cmTC_4cac5.dir/OpenMPCheckVersion.cpp.o] Error 127
make: *** [cmTC_4cac5/fast] Error 2



