Determining if the CL_VERSION_2_2 exist failed with the following output:
Change Dir: /Users/gianlaager/Documents/code/C++/ClionProjects/acMandelbrotSet/cmake-build-release/CMakeFiles/CMakeTmp

Run Build Command(s):/usr/bin/make cmTC_c679d/fast && /Applications/Xcode.app/Contents/Developer/usr/bin/make -f CMakeFiles/cmTC_c679d.dir/build.make CMakeFiles/cmTC_c679d.dir/build
Building C object CMakeFiles/cmTC_c679d.dir/CheckSymbolExists.c.o
/Applications/Xcode.app/Contents/Developer/Toolchains/XcodeDefault.xctoolchain/usr/bin/cc  -F/Applications/Xcode.app/Contents/Developer/Platforms/MacOSX.platform/Developer/SDKs/MacOSX10.15.sdk/System/Library/Frameworks  -isysroot /Applications/Xcode.app/Contents/Developer/Platforms/MacOSX.platform/Developer/SDKs/MacOSX10.15.sdk   -o CMakeFiles/cmTC_c679d.dir/CheckSymbolExists.c.o   -c /Users/gianlaager/Documents/code/C++/ClionProjects/acMandelbrotSet/cmake-build-release/CMakeFiles/CMakeTmp/CheckSymbolExists.c
/Users/gianlaager/Documents/code/C++/ClionProjects/acMandelbrotSet/cmake-build-release/CMakeFiles/CMakeTmp/CheckSymbolExists.c:8:19: error: use of undeclared identifier 'CL_VERSION_2_2'
  return ((int*)(&CL_VERSION_2_2))[argc];
                  ^
1 error generated.
make[1]: *** [CMakeFiles/cmTC_c679d.dir/CheckSymbolExists.c.o] Error 1
make: *** [cmTC_c679d/fast] Error 2


File /Users/gianlaager/Documents/code/C++/ClionProjects/acMandelbrotSet/cmake-build-release/CMakeFiles/CMakeTmp/CheckSymbolExists.c:
/* */
#include </Applications/Xcode.app/Contents/Developer/Platforms/MacOSX.platform/Developer/SDKs/MacOSX10.15.sdk/System/Library/Frameworks/OpenCL.framework/Headers/cl.h>

int main(int argc, char** argv)
{
  (void)argv;
#ifndef CL_VERSION_2_2
  return ((int*)(&CL_VERSION_2_2))[argc];
#else
  (void)argc;
  return 0;
#endif
}
Determining if the CL_VERSION_2_1 exist failed with the following output:
Change Dir: /Users/gianlaager/Documents/code/C++/ClionProjects/acMandelbrotSet/cmake-build-release/CMakeFiles/CMakeTmp

Run Build Command(s):/usr/bin/make cmTC_059ec/fast && /Applications/Xcode.app/Contents/Developer/usr/bin/make -f CMakeFiles/cmTC_059ec.dir/build.make CMakeFiles/cmTC_059ec.dir/build
Building C object CMakeFiles/cmTC_059ec.dir/CheckSymbolExists.c.o
/Applications/Xcode.app/Contents/Developer/Toolchains/XcodeDefault.xctoolchain/usr/bin/cc  -F/Applications/Xcode.app/Contents/Developer/Platforms/MacOSX.platform/Developer/SDKs/MacOSX10.15.sdk/System/Library/Frameworks  -isysroot /Applications/Xcode.app/Contents/Developer/Platforms/MacOSX.platform/Developer/SDKs/MacOSX10.15.sdk   -o CMakeFiles/cmTC_059ec.dir/CheckSymbolExists.c.o   -c /Users/gianlaager/Documents/code/C++/ClionProjects/acMandelbrotSet/cmake-build-release/CMakeFiles/CMakeTmp/CheckSymbolExists.c
/Users/gianlaager/Documents/code/C++/ClionProjects/acMandelbrotSet/cmake-build-release/CMakeFiles/CMakeTmp/CheckSymbolExists.c:8:19: error: use of undeclared identifier 'CL_VERSION_2_1'
  return ((int*)(&CL_VERSION_2_1))[argc];
                  ^
1 error generated.
make[1]: *** [CMakeFiles/cmTC_059ec.dir/CheckSymbolExists.c.o] Error 1
make: *** [cmTC_059ec/fast] Error 2


File /Users/gianlaager/Documents/code/C++/ClionProjects/acMandelbrotSet/cmake-build-release/CMakeFiles/CMakeTmp/CheckSymbolExists.c:
/* */
#include </Applications/Xcode.app/Contents/Developer/Platforms/MacOSX.platform/Developer/SDKs/MacOSX10.15.sdk/System/Library/Frameworks/OpenCL.framework/Headers/cl.h>

int main(int argc, char** argv)
{
  (void)argv;
#ifndef CL_VERSION_2_1
  return ((int*)(&CL_VERSION_2_1))[argc];
#else
  (void)argc;
  return 0;
#endif
}
Determining if the CL_VERSION_2_0 exist failed with the following output:
Change Dir: /Users/gianlaager/Documents/code/C++/ClionProjects/acMandelbrotSet/cmake-build-release/CMakeFiles/CMakeTmp

Run Build Command(s):/usr/bin/make cmTC_331bf/fast && /Applications/Xcode.app/Contents/Developer/usr/bin/make -f CMakeFiles/cmTC_331bf.dir/build.make CMakeFiles/cmTC_331bf.dir/build
Building C object CMakeFiles/cmTC_331bf.dir/CheckSymbolExists.c.o
/Applications/Xcode.app/Contents/Developer/Toolchains/XcodeDefault.xctoolchain/usr/bin/cc  -F/Applications/Xcode.app/Contents/Developer/Platforms/MacOSX.platform/Developer/SDKs/MacOSX10.15.sdk/System/Library/Frameworks  -isysroot /Applications/Xcode.app/Contents/Developer/Platforms/MacOSX.platform/Developer/SDKs/MacOSX10.15.sdk   -o CMakeFiles/cmTC_331bf.dir/CheckSymbolExists.c.o   -c /Users/gianlaager/Documents/code/C++/ClionProjects/acMandelbrotSet/cmake-build-release/CMakeFiles/CMakeTmp/CheckSymbolExists.c
/Users/gianlaager/Documents/code/C++/ClionProjects/acMandelbrotSet/cmake-build-release/CMakeFiles/CMakeTmp/CheckSymbolExists.c:8:19: error: use of undeclared identifier 'CL_VERSION_2_0'
  return ((int*)(&CL_VERSION_2_0))[argc];
                  ^
1 error generated.
make[1]: *** [CMakeFiles/cmTC_331bf.dir/CheckSymbolExists.c.o] Error 1
make: *** [cmTC_331bf/fast] Error 2


File /Users/gianlaager/Documents/code/C++/ClionProjects/acMandelbrotSet/cmake-build-release/CMakeFiles/CMakeTmp/CheckSymbolExists.c:
/* */
#include </Applications/Xcode.app/Contents/Developer/Platforms/MacOSX.platform/Developer/SDKs/MacOSX10.15.sdk/System/Library/Frameworks/OpenCL.framework/Headers/cl.h>

int main(int argc, char** argv)
{
  (void)argv;
#ifndef CL_VERSION_2_0
  return ((int*)(&CL_VERSION_2_0))[argc];
#else
  (void)argc;
  return 0;
#endif
}
